2018.11.15 15:10:43: Added Thomas Anderson Teacher
2018.11.15 15:10:43: Added Han Solo Teacher
2018.11.15 15:10:43: Added Princess Leia Teacher
2018.11.15 15:10:43: Added Severus Snape Teacher
2018.11.15 15:10:43: Added Dolores Umbridge Teacher
2018.11.15 15:10:43: Added Peter Pan Student to class class 1A, profile humane
2018.11.15 15:10:43: Added Anna Shirley Student to class class 1A, profile humane
2018.11.15 15:10:43: Added Harry Potter Student to class class 1A, profile humane
2018.11.15 15:10:43: Added Ron Weasley Student to class class 1A, profile humane
2018.11.15 15:10:43: Added term of subject Math on MONDAY at 10:30, 45 min to subject Math
2018.11.15 15:10:43: Added term of subject Math on THURSDAY at 12:50, 45 min to subject Math
2018.11.15 15:10:43: Added subject Math to class 1A, profile humane
2018.11.15 15:10:43: Added term of subject English on MONDAY at 12:00, 45 min to subject English
2018.11.15 15:10:43: Added term of subject English on TUESDAY at 11:00, 45 min to subject English
2018.11.15 15:10:43: Added term of subject English on WEDNESDAY at 10:30, 45 min to subject English
2018.11.15 15:10:43: Added term of subject English on THURSDAY at 11:00, 45 min to subject English
2018.11.15 15:10:43: Added subject English to class 1A, profile humane
2018.11.15 15:10:43: Added term of subject Computer Science on TUESDAY at 09:00, 45 min to subject Computer Science
2018.11.15 15:10:43: Added subject Computer Science to class 1A, profile humane
2018.11.15 15:10:43: Added term of subject Chemistry on WEDNESDAY at 11:30, 45 min to subject Chemistry
2018.11.15 15:10:43: Added subject Chemistry to class 1A, profile humane
2018.11.15 15:10:43: Added term of subject Potions on FRIDAY at 09:00, 90 min to subject Potions
2018.11.15 15:10:43: Added subject Potions to class 1A, profile humane
2018.11.15 15:10:43: Added term of subject Black Magic Defense on FRIDAY at 12:30, 90 min to subject Black Magic Defense
2018.11.15 15:10:43: Added subject Black Magic Defense to class 1A, profile humane
2018.11.15 15:10:43: Added class 1A, profile humane
2018.11.15 15:27:50: Added Thomas Anderson Teacher
2018.11.15 15:27:50: Added Han Solo Teacher
2018.11.15 15:27:50: Added Princess Leia Teacher
2018.11.15 15:27:50: Added Severus Snape Teacher
2018.11.15 15:27:50: Added Dolores Umbridge Teacher
2018.11.15 15:27:50: Added Peter Pan Student to class class 1A, profile humane
2018.11.15 15:27:50: Added Anna Shirley Student to class class 1A, profile humane
2018.11.15 15:27:50: Added Harry Potter Student to class class 1A, profile humane
2018.11.15 15:27:50: Added Ron Weasley Student to class class 1A, profile humane
2018.11.15 15:27:50: Added term of subject Math on MONDAY at 10:30, 45 min to subject Math
2018.11.15 15:27:50: Added term of subject Math on THURSDAY at 12:50, 45 min to subject Math
2018.11.15 15:27:50: Added subject Math to class 1A, profile humane
2018.11.15 15:27:50: Added term of subject English on MONDAY at 12:00, 45 min to subject English
2018.11.15 15:27:50: Added term of subject English on TUESDAY at 11:00, 45 min to subject English
2018.11.15 15:27:50: Added term of subject English on WEDNESDAY at 10:30, 45 min to subject English
2018.11.15 15:27:50: Added term of subject English on THURSDAY at 11:00, 45 min to subject English
2018.11.15 15:27:50: Added subject English to class 1A, profile humane
2018.11.15 15:27:50: Added term of subject Computer Science on TUESDAY at 09:00, 45 min to subject Computer Science
2018.11.15 15:27:50: Added subject Computer Science to class 1A, profile humane
2018.11.15 15:27:50: Added term of subject Chemistry on WEDNESDAY at 11:30, 45 min to subject Chemistry
2018.11.15 15:27:50: Added subject Chemistry to class 1A, profile humane
2018.11.15 15:27:50: Added term of subject Potions on FRIDAY at 09:00, 90 min to subject Potions
2018.11.15 15:27:50: Added subject Potions to class 1A, profile humane
2018.11.15 15:27:50: Added term of subject Black Magic Defense on FRIDAY at 12:30, 90 min to subject Black Magic Defense
2018.11.15 15:27:50: Added subject Black Magic Defense to class 1A, profile humane
2018.11.15 15:27:50: Added class 1A, profile humane
2018.11.15 15:33:05: Added Thomas Anderson Teacher
2018.11.15 15:33:05: Added Han Solo Teacher
2018.11.15 15:33:05: Added Princess Leia Teacher
2018.11.15 15:33:05: Added Severus Snape Teacher
2018.11.15 15:33:05: Added Dolores Umbridge Teacher
2018.11.15 15:33:05: Added Peter Pan Student to class class 1A, profile humane
2018.11.15 15:33:05: Added Anna Shirley Student to class class 1A, profile humane
2018.11.15 15:33:05: Added Harry Potter Student to class class 1A, profile humane
2018.11.15 15:33:05: Added Ron Weasley Student to class class 1A, profile humane
2018.11.15 15:33:05: Added term of subject Math on MONDAY at 10:30, 45 min to subject Math
2018.11.15 15:33:05: Added term of subject Math on THURSDAY at 12:50, 45 min to subject Math
2018.11.15 15:33:05: Added subject Math to class 1A, profile humane
2018.11.15 15:33:05: Added term of subject English on MONDAY at 12:00, 45 min to subject English
2018.11.15 15:33:05: Added term of subject English on TUESDAY at 11:00, 45 min to subject English
2018.11.15 15:33:05: Added term of subject English on WEDNESDAY at 10:30, 45 min to subject English
2018.11.15 15:33:05: Added term of subject English on THURSDAY at 11:00, 45 min to subject English
2018.11.15 15:33:05: Added subject English to class 1A, profile humane
2018.11.15 15:33:05: Added term of subject Computer Science on TUESDAY at 09:00, 45 min to subject Computer Science
2018.11.15 15:33:05: Added subject Computer Science to class 1A, profile humane
2018.11.15 15:33:05: Added term of subject Chemistry on WEDNESDAY at 11:30, 45 min to subject Chemistry
2018.11.15 15:33:05: Added subject Chemistry to class 1A, profile humane
2018.11.15 15:33:05: Added term of subject Potions on FRIDAY at 09:00, 90 min to subject Potions
2018.11.15 15:33:05: Added subject Potions to class 1A, profile humane
2018.11.15 15:33:05: Added term of subject Black Magic Defense on FRIDAY at 12:30, 90 min to subject Black Magic Defense
2018.11.15 15:33:05: Added subject Black Magic Defense to class 1A, profile humane
2018.11.15 15:33:05: Added class 1A, profile humane
2018.11.17 18:46:51: Added Thomas Anderson Teacher
2018.11.17 18:46:51: Added Han Solo Teacher
2018.11.17 18:46:51: Added Princess Leia Teacher
2018.11.17 18:46:51: Added Severus Snape Teacher
2018.11.17 18:46:51: Added Dolores Umbridge Teacher
2018.11.17 18:46:51: Added Peter Pan Student to class class 1A, profile humane
2018.11.17 18:46:51: Added Anna Shirley Student to class class 1A, profile humane
2018.11.17 18:46:51: Added Harry Potter Student to class class 1A, profile humane
2018.11.17 18:46:51: Added Ron Weasley Student to class class 1A, profile humane
2018.11.17 18:46:51: Added term of subject Math on MONDAY at 10:30, 45 min to subject Math
2018.11.17 18:46:51: Added term of subject Math on THURSDAY at 12:50, 45 min to subject Math
2018.11.17 18:46:51: Added subject Math to class 1A, profile humane
2018.11.17 18:46:51: Added term of subject English on MONDAY at 12:00, 45 min to subject English
2018.11.17 18:46:51: Added term of subject English on TUESDAY at 11:00, 45 min to subject English
2018.11.17 18:46:51: Added term of subject English on WEDNESDAY at 10:30, 45 min to subject English
2018.11.17 18:46:51: Added term of subject English on THURSDAY at 11:00, 45 min to subject English
2018.11.17 18:46:51: Added subject English to class 1A, profile humane
2018.11.17 18:46:51: Added term of subject Computer Science on TUESDAY at 09:00, 45 min to subject Computer Science
2018.11.17 18:46:51: Added subject Computer Science to class 1A, profile humane
2018.11.17 18:46:51: Added term of subject Chemistry on WEDNESDAY at 11:30, 45 min to subject Chemistry
2018.11.17 18:46:51: Added subject Chemistry to class 1A, profile humane
2018.11.17 18:46:51: Added term of subject Potions on FRIDAY at 09:00, 90 min to subject Potions
2018.11.17 18:46:51: Added subject Potions to class 1A, profile humane
2018.11.17 18:46:51: Added term of subject Black Magic Defense on FRIDAY at 12:30, 90 min to subject Black Magic Defense
2018.11.17 18:46:51: Added subject Black Magic Defense to class 1A, profile humane
2018.11.17 18:46:51: Added class 1A, profile humane
